<?xml version="1.0" encoding="UTF-8"?>
<testsuite name="ru.nsu.dyuganov.logoworld.CoordinatesTest" tests="2" skipped="0" failures="0" errors="0" timestamp="2021-02-19T09:29:42" hostname="DESKTOP-LUNUNSR" time="0.004">
  <properties/>
  <testcase name="constructor()" classname="ru.nsu.dyuganov.logoworld.CoordinatesTest" time="0.002"/>
  <testcase name="setCoordinates()" classname="ru.nsu.dyuganov.logoworld.CoordinatesTest" time="0.001"/>
  <system-out><![CDATA[]]></system-out>
  <system-err><![CDATA[]]></system-err>
</testsuite>
