<?xml version="1.0" encoding="UTF-8"?>
<testsuite name="ru.nsu.dyuganov.logoworld.FieldTest" tests="2" skipped="0" failures="0" errors="0" timestamp="2021-02-19T09:29:42" hostname="DESKTOP-LUNUNSR" time="0.006">
  <properties/>
  <testcase name="resize()" classname="ru.nsu.dyuganov.logoworld.FieldTest" time="0.002"/>
  <testcase name="setObject()" classname="ru.nsu.dyuganov.logoworld.FieldTest" time="0.002"/>
  <system-out><![CDATA[]]></system-out>
  <system-err><![CDATA[]]></system-err>
</testsuite>
