<?xml version="1.0" encoding="UTF-8"?>
<testsuite name="ru.nsu.dyuganov.logoworld.CommandFactoryTest" tests="1" skipped="0" failures="0" errors="0" timestamp="2021-02-19T09:29:42" hostname="DESKTOP-LUNUNSR" time="0.074">
  <properties/>
  <testcase name="create()" classname="ru.nsu.dyuganov.logoworld.CommandFactoryTest" time="0.074"/>
  <system-out><![CDATA[]]></system-out>
  <system-err><![CDATA[]]></system-err>
</testsuite>
